Build started 07.05.2014 22:01:23.
     1>Project "C:\Users\Boris\documents\visual studio 2010\Projects\tree\tree\tree.vcxproj" on node 2 (build target(s)).
     1>InitializeBuildStatus:
         Creating "Debug\tree.unsuccessfulbuild" because "AlwaysCreate" was specified.
       ClCompile:
         All outputs are up-to-date.
         G:\Visual studio\VC\bin\CL.exe /c /ZI /nologo /W3 /WX- /Od /Oy- /D WIN32 /D _DEBUG /D _CONSOLE /D _UNICODE /D UNICODE /Gm /EHsc /RTC1 /MDd /GS /fp:precise /Zc:wchar_t /Zc:forScope /Yu"StdAfx.h" /Fp"Debug\tree.pch" /Fo"Debug\\" /Fd"Debug\vc100.pdb" /Gd /TP /analyze- /errorReport:prompt tree.cpp
         tree.cpp
     1>c:\users\boris\documents\visual studio 2010\projects\tree\tree\tree.cpp(188): warning C4996: 'scanf': This function or variable may be unsafe. Consider using scanf_s instead. To disable deprecation, use _CRT_SECURE_NO_WARNINGS. See online help for details.
                 g:\visual studio\vc\include\stdio.h(304) : see declaration of 'scanf'
     1>c:\users\boris\documents\visual studio 2010\projects\tree\tree\tree.cpp(193): warning C4996: 'scanf': This function or variable may be unsafe. Consider using scanf_s instead. To disable deprecation, use _CRT_SECURE_NO_WARNINGS. See online help for details.
                 g:\visual studio\vc\include\stdio.h(304) : see declaration of 'scanf'
     1>c:\users\boris\documents\visual studio 2010\projects\tree\tree\tree.cpp(42): warning C4715: 'Tree::find' : not all control paths return a value
       ManifestResourceCompile:
         All outputs are up-to-date.
       Link:
         G:\Visual studio\VC\bin\link.exe /ERRORREPORT:PROMPT /OUT:"C:\Users\Boris\documents\visual studio 2010\Projects\tree\Debug\tree.exe" /INCREMENTAL /NOLOGO kernel32.lib user32.lib gdi32.lib winspool.lib comdlg32.lib advapi32.lib shell32.lib ole32.lib oleaut32.lib uuid.lib odbc32.lib odbccp32.lib /MANIFEST /ManifestFile:"Debug\tree.exe.intermediate.manifest" /MANIFESTUAC:"level='asInvoker' uiAccess='false'" /DEBUG /PDB:"C:\Users\Boris\documents\visual studio 2010\Projects\tree\Debug\tree.pdb" /SUBSYSTEM:CONSOLE /TLBID:1 /DYNAMICBASE /NXCOMPAT /IMPLIB:"C:\Users\Boris\documents\visual studio 2010\Projects\tree\Debug\tree.lib" /MACHINE:X86 Debug\tree.exe.embed.manifest.res
         Debug\stdafx.obj
         Debug\tree.obj
       Manifest:
         C:\Program Files (x86)\Microsoft SDKs\Windows\v7.0A\bin\mt.exe /nologo /verbose /out:"Debug\tree.exe.embed.manifest" /manifest Debug\tree.exe.intermediate.manifest
         All outputs are up-to-date.
       LinkEmbedManifest:
         All outputs are up-to-date.
         tree.vcxproj -> C:\Users\Boris\documents\visual studio 2010\Projects\tree\Debug\tree.exe
       FinalizeBuildStatus:
         Deleting file "Debug\tree.unsuccessfulbuild".
         Touching "Debug\tree.lastbuildstate".
     1>Done Building Project "C:\Users\Boris\documents\visual studio 2010\Projects\tree\tree\tree.vcxproj" (build target(s)).

Build succeeded.

Time Elapsed 00:00:00.58
