Build started 20.04.2014 0:14:03.
     1>Project "c:\Users\Boris\documents\visual studio 2010\Projects\Stack\Stack\Stack.vcxproj" on node 2 (build target(s)).
     1>InitializeBuildStatus:
         Creating "Debug\Stack.unsuccessfulbuild" because "AlwaysCreate" was specified.
       ClCompile:
         All outputs are up-to-date.
         G:\Visual studio\VC\bin\CL.exe /c /ZI /nologo /W3 /WX- /Od /Oy- /D WIN32 /D _DEBUG /D _CONSOLE /D _UNICODE /D UNICODE /Gm /EHsc /RTC1 /MDd /GS /fp:precise /Zc:wchar_t /Zc:forScope /Yu"StdAfx.h" /Fp"Debug\Stack.pch" /Fo"Debug\\" /Fd"Debug\vc100.pdb" /Gd /TP /analyze- /errorReport:prompt Stack.cpp
         Stack.cpp
       ManifestResourceCompile:
         All outputs are up-to-date.
       Link:
         G:\Visual studio\VC\bin\link.exe /ERRORREPORT:PROMPT /OUT:"c:\users\boris\documents\visual studio 2010\Projects\Stack\Debug\Stack.exe" /INCREMENTAL /NOLOGO kernel32.lib user32.lib gdi32.lib winspool.lib comdlg32.lib advapi32.lib shell32.lib ole32.lib oleaut32.lib uuid.lib odbc32.lib odbccp32.lib /MANIFEST /ManifestFile:"Debug\Stack.exe.intermediate.manifest" /MANIFESTUAC:"level='asInvoker' uiAccess='false'" /DEBUG /PDB:"c:\users\boris\documents\visual studio 2010\Projects\Stack\Debug\Stack.pdb" /SUBSYSTEM:CONSOLE /TLBID:1 /DYNAMICBASE /NXCOMPAT /IMPLIB:"c:\users\boris\documents\visual studio 2010\Projects\Stack\Debug\Stack.lib" /MACHINE:X86 Debug\Stack.exe.embed.manifest.res
         Debug\Stack.obj
         Debug\stdafx.obj
       Manifest:
         C:\Program Files (x86)\Microsoft SDKs\Windows\v7.0A\bin\mt.exe /nologo /verbose /out:"Debug\Stack.exe.embed.manifest" /manifest Debug\Stack.exe.intermediate.manifest
         All outputs are up-to-date.
       LinkEmbedManifest:
         All outputs are up-to-date.
         Stack.vcxproj -> c:\users\boris\documents\visual studio 2010\Projects\Stack\Debug\Stack.exe
       FinalizeBuildStatus:
         Deleting file "Debug\Stack.unsuccessfulbuild".
         Touching "Debug\Stack.lastbuildstate".
     1>Done Building Project "c:\Users\Boris\documents\visual studio 2010\Projects\Stack\Stack\Stack.vcxproj" (build target(s)).

Build succeeded.

Time Elapsed 00:00:00.34
