Build started 17.04.2014 19:14:36.
     1>Project "G:\МГТУ\C++\list\list\list.vcxproj" on node 2 (build target(s)).
     1>InitializeBuildStatus:
         Creating "Debug\list.unsuccessfulbuild" because "AlwaysCreate" was specified.
       ClCompile:
         All outputs are up-to-date.
         G:\Visual studio\VC\bin\CL.exe /c /ZI /nologo /W3 /WX- /Od /Oy- /D WIN32 /D _DEBUG /D _CONSOLE /D _UNICODE /D UNICODE /Gm /EHsc /RTC1 /MDd /GS /fp:precise /Zc:wchar_t /Zc:forScope /Yu"StdAfx.h" /Fp"Debug\list.pch" /Fo"Debug\\" /Fd"Debug\vc100.pdb" /Gd /TP /analyze- /errorReport:prompt list.cpp
         list.cpp
     1>g:\мгту\c++\list\list\list.cpp(51): warning C4258: 'i' : definition from the for loop is ignored; the definition from the enclosing scope is used
                 g:\мгту\c++\list\list\list.cpp(44) : definition of 'i' ignored
                 g:\мгту\c++\list\list\list.cpp(38) : definition of 'i' used
     1>g:\мгту\c++\list\list\list.cpp(56): warning C4258: 'i' : definition from the for loop is ignored; the definition from the enclosing scope is used
                 g:\мгту\c++\list\list\list.cpp(44) : definition of 'i' ignored
                 g:\мгту\c++\list\list\list.cpp(38) : definition of 'i' used
     1>g:\мгту\c++\list\list\list.cpp(83): warning C4996: 'scanf': This function or variable may be unsafe. Consider using scanf_s instead. To disable deprecation, use _CRT_SECURE_NO_WARNINGS. See online help for details.
                 g:\visual studio\vc\include\stdio.h(304) : see declaration of 'scanf'
     1>g:\мгту\c++\list\list\list.cpp(91): warning C4996: 'scanf': This function or variable may be unsafe. Consider using scanf_s instead. To disable deprecation, use _CRT_SECURE_NO_WARNINGS. See online help for details.
                 g:\visual studio\vc\include\stdio.h(304) : see declaration of 'scanf'
     1>g:\мгту\c++\list\list\list.cpp(95): warning C4996: 'scanf': This function or variable may be unsafe. Consider using scanf_s instead. To disable deprecation, use _CRT_SECURE_NO_WARNINGS. See online help for details.
                 g:\visual studio\vc\include\stdio.h(304) : see declaration of 'scanf'
       ManifestResourceCompile:
         All outputs are up-to-date.
       Link:
         G:\Visual studio\VC\bin\link.exe /ERRORREPORT:PROMPT /OUT:"G:\МГТУ\C++\list\Debug\list.exe" /INCREMENTAL /NOLOGO kernel32.lib user32.lib gdi32.lib winspool.lib comdlg32.lib advapi32.lib shell32.lib ole32.lib oleaut32.lib uuid.lib odbc32.lib odbccp32.lib /MANIFEST /ManifestFile:"Debug\list.exe.intermediate.manifest" /MANIFESTUAC:"level='asInvoker' uiAccess='false'" /DEBUG /PDB:"G:\МГТУ\C++\list\Debug\list.pdb" /SUBSYSTEM:CONSOLE /TLBID:1 /DYNAMICBASE /NXCOMPAT /IMPLIB:"G:\МГТУ\C++\list\Debug\list.lib" /MACHINE:X86 Debug\list.exe.embed.manifest.res
         Debug\list.obj
         Debug\stdafx.obj
       Manifest:
         C:\Program Files (x86)\Microsoft SDKs\Windows\v7.0A\bin\mt.exe /nologo /verbose /out:"Debug\list.exe.embed.manifest" /manifest Debug\list.exe.intermediate.manifest
         All outputs are up-to-date.
       LinkEmbedManifest:
         All outputs are up-to-date.
         list.vcxproj -> G:\МГТУ\C++\list\Debug\list.exe
       FinalizeBuildStatus:
         Deleting file "Debug\list.unsuccessfulbuild".
         Touching "Debug\list.lastbuildstate".
     1>Done Building Project "G:\МГТУ\C++\list\list\list.vcxproj" (build target(s)).

Build succeeded.

Time Elapsed 00:00:00.38
